This file contains any messages produced by compilers while
running configure, to aid debugging if configure makes a mistake.

It was created by maple_leaf configure 2.0, which was
generated by GNU Autoconf 2.63.  Invocation command line was

  $ ./configure 

## --------- ##
## Platform. ##
## --------- ##

hostname = localhost.localdomain
uname -m = x86_64
uname -r = 2.6.32-642.6.1.el6.x86_64
uname -s = Linux
uname -v = #1 SMP Wed Oct 5 00:36:12 UTC 2016

/usr/bin/uname -p = unknown
/bin/uname -X     = unknown

/bin/arch              = x86_64
/usr/bin/arch -k       = unknown
/usr/convex/getsysinfo = unknown
/usr/bin/hostinfo      = unknown
/bin/machine           = unknown
/usr/bin/oslevel       = unknown
/bin/universe          = unknown

PATH: /sbin
PATH: /bin
PATH: /usr/sbin
PATH: /usr/bin


## ----------- ##
## Core tests. ##
## ----------- ##

configure:2068: checking for a BSD-compatible install
configure:2136: result: /usr/bin/install -c
configure:2147: checking whether build environment is sane
configure:2207: result: yes
configure:2348: checking for a thread-safe mkdir -p
configure:2387: result: /bin/mkdir -p
configure:2400: checking for gawk
configure:2416: found /bin/gawk
configure:2427: result: gawk
configure:2438: checking whether make sets $(MAKE)
configure:2460: result: yes
configure:2596: checking for gcc
configure:2612: found /usr/bin/gcc
configure:2623: result: gcc
configure:2855: checking for C compiler version
configure:2863: gcc --version >&5
gcc (GCC) 4.4.7 20120313 (Red Hat 4.4.7-17)
Copyright (C) 2010 Free Software Foundation, Inc.
This is free software; see the source for copying conditions.  There is NO
warranty; not even for MERCHANTABILITY or FITNESS FOR A PARTICULAR PURPOSE.

configure:2867: $? = 0
configure:2874: gcc -v >&5
Using built-in specs.
Target: x86_64-redhat-linux
Configured with: ../configure --prefix=/usr --mandir=/usr/share/man --infodir=/usr/share/info --with-bugurl=http://bugzilla.redhat.com/bugzilla --enable-bootstrap --enable-shared --enable-threads=posix --enable-checking=release --with-system-zlib --enable-__cxa_atexit --disable-libunwind-exceptions --enable-gnu-unique-object --enable-languages=c,c++,objc,obj-c++,java,fortran,ada --enable-java-awt=gtk --disable-dssi --with-java-home=/usr/lib/jvm/java-1.5.0-gcj-1.5.0.0/jre --enable-libgcj-multifile --enable-java-maintainer-mode --with-ecj-jar=/usr/share/java/eclipse-ecj.jar --disable-libjava-multilib --with-ppl --with-cloog --with-tune=generic --with-arch_32=i686 --build=x86_64-redhat-linux
Thread model: posix
gcc version 4.4.7 20120313 (Red Hat 4.4.7-17) (GCC) 
configure:2878: $? = 0
configure:2885: gcc -V >&5
gcc: '-V' option must have argument
configure:2889: $? = 1
configure:2912: checking for C compiler default output file name
configure:2934: gcc    conftest.c  >&5
configure:2938: $? = 0
configure:2976: result: a.out
configure:2995: checking whether the C compiler works
configure:3005: ./a.out
configure:3009: $? = 0
configure:3028: result: yes
configure:3035: checking whether we are cross compiling
configure:3037: result: no
configure:3040: checking for suffix of executables
configure:3047: gcc -o conftest    conftest.c  >&5
configure:3051: $? = 0
configure:3077: result: 
configure:3083: checking for suffix of object files
configure:3109: gcc -c   conftest.c >&5
configure:3113: $? = 0
configure:3138: result: o
configure:3142: checking whether we are using the GNU C compiler
configure:3171: gcc -c   conftest.c >&5
configure:3178: $? = 0
configure:3195: result: yes
configure:3204: checking whether gcc accepts -g
configure:3234: gcc -c -g  conftest.c >&5
configure:3241: $? = 0
configure:3342: result: yes
configure:3359: checking for gcc option to accept ISO C89
configure:3433: gcc  -c -g -O2  conftest.c >&5
configure:3440: $? = 0
configure:3463: result: none needed
configure:3492: checking for style of include used by make
configure:3520: result: GNU
configure:3545: checking dependency style of gcc
configure:3655: result: gcc3
configure:3703: checking build system type
configure:3721: result: x86_64-unknown-linux-gnu
configure:3743: checking host system type
configure:3758: result: x86_64-unknown-linux-gnu
configure:3780: checking for a sed that does not truncate output
configure:3846: result: /bin/sed
configure:3864: checking for grep that handles long lines and -e
configure:3924: result: /bin/grep
configure:3929: checking for egrep
configure:3993: result: /bin/grep -E
configure:3998: checking for fgrep
configure:4062: result: /bin/grep -F
configure:4097: checking for ld used by gcc
configure:4164: result: /usr/bin/ld
configure:4173: checking if the linker (/usr/bin/ld) is GNU ld
configure:4188: result: yes
configure:4200: checking for BSD- or MS-compatible name lister (nm)
configure:4249: result: /usr/bin/nm -B
configure:4367: checking the name lister (/usr/bin/nm -B) interface
configure:4374: gcc -c -g -O2  conftest.c >&5
configure:4377: /usr/bin/nm -B "conftest.o"
configure:4380: output
0000000000000000 B some_variable
configure:4387: result: BSD nm
configure:4390: checking whether ln -s works
configure:4394: result: yes
configure:4402: checking the maximum length of command line arguments
configure:4522: result: 1966080
configure:4539: checking whether the shell understands some XSI constructs
configure:4549: result: yes
configure:4553: checking whether the shell understands "+="
configure:4559: result: yes
configure:4594: checking for /usr/bin/ld option to reload object files
configure:4601: result: -r
configure:4670: checking for objdump
configure:4686: found /usr/bin/objdump
configure:4697: result: objdump
configure:4729: checking how to recognize dependent libraries
configure:4925: result: pass_all
configure:4985: checking for ar
configure:5001: found /usr/bin/ar
configure:5012: result: ar
configure:5090: checking for strip
configure:5106: found /usr/bin/strip
configure:5117: result: strip
configure:5189: checking for ranlib
configure:5205: found /usr/bin/ranlib
configure:5216: result: ranlib
configure:5306: checking command to parse /usr/bin/nm -B output from gcc object
configure:5424: gcc -c -g -O2  conftest.c >&5
configure:5427: $? = 0
configure:5431: /usr/bin/nm -B conftest.o \| sed -n -e 's/^.*[	 ]\([ABCDGIRSTW][ABCDGIRSTW]*\)[	 ][	 ]*\([_A-Za-z][_A-Za-z0-9]*\)$/\1 \2 \2/p' \> conftest.nm
configure:5434: $? = 0
configure:5488: gcc -o conftest -g -O2   conftest.c conftstm.o >&5
configure:5491: $? = 0
configure:5529: result: ok
configure:5625: gcc -c -g -O2  conftest.c >&5
configure:5628: $? = 0
configure:6396: checking how to run the C preprocessor
configure:6436: gcc -E  conftest.c
configure:6443: $? = 0
configure:6474: gcc -E  conftest.c
conftest.c:10:28: error: ac_nonexistent.h: No such file or directory
configure:6481: $? = 1
configure: failed program was:
| /* confdefs.h.  */
| #define PACKAGE_NAME "maple_leaf"
| #define PACKAGE_TARNAME "maple_leaf"
| #define PACKAGE_VERSION "2.0"
| #define PACKAGE_STRING "maple_leaf 2.0"
| #define PACKAGE_BUGREPORT "kyosold@qq.com"
| #define PACKAGE "maple_leaf"
| #define VERSION "2.0"
| /* end confdefs.h.  */
| #include <ac_nonexistent.h>
configure:6514: result: gcc -E
configure:6543: gcc -E  conftest.c
configure:6550: $? = 0
configure:6581: gcc -E  conftest.c
conftest.c:10:28: error: ac_nonexistent.h: No such file or directory
configure:6588: $? = 1
configure: failed program was:
| /* confdefs.h.  */
| #define PACKAGE_NAME "maple_leaf"
| #define PACKAGE_TARNAME "maple_leaf"
| #define PACKAGE_VERSION "2.0"
| #define PACKAGE_STRING "maple_leaf 2.0"
| #define PACKAGE_BUGREPORT "kyosold@qq.com"
| #define PACKAGE "maple_leaf"
| #define VERSION "2.0"
| /* end confdefs.h.  */
| #include <ac_nonexistent.h>
configure:6628: checking for ANSI C header files
configure:6658: gcc -c -g -O2  conftest.c >&5
configure:6665: $? = 0
configure:6764: gcc -o conftest -g -O2   conftest.c  >&5
configure:6768: $? = 0
configure:6774: ./conftest
configure:6778: $? = 0
configure:6796: result: yes
configure:6820: checking for sys/types.h
configure:6841: gcc -c -g -O2  conftest.c >&5
configure:6848: $? = 0
configure:6865: result: yes
configure:6820: checking for sys/stat.h
configure:6841: gcc -c -g -O2  conftest.c >&5
configure:6848: $? = 0
configure:6865: result: yes
configure:6820: checking for stdlib.h
configure:6841: gcc -c -g -O2  conftest.c >&5
configure:6848: $? = 0
configure:6865: result: yes
configure:6820: checking for string.h
configure:6841: gcc -c -g -O2  conftest.c >&5
configure:6848: $? = 0
configure:6865: result: yes
configure:6820: checking for memory.h
configure:6841: gcc -c -g -O2  conftest.c >&5
configure:6848: $? = 0
configure:6865: result: yes
configure:6820: checking for strings.h
configure:6841: gcc -c -g -O2  conftest.c >&5
configure:6848: $? = 0
configure:6865: result: yes
configure:6820: checking for inttypes.h
configure:6841: gcc -c -g -O2  conftest.c >&5
configure:6848: $? = 0
configure:6865: result: yes
configure:6820: checking for stdint.h
configure:6841: gcc -c -g -O2  conftest.c >&5
configure:6848: $? = 0
configure:6865: result: yes
configure:6820: checking for unistd.h
configure:6841: gcc -c -g -O2  conftest.c >&5
configure:6848: $? = 0
configure:6865: result: yes
configure:6883: checking for dlfcn.h
configure:6904: gcc -c -g -O2  conftest.c >&5
configure:6911: $? = 0
configure:6928: result: yes
configure:7114: checking for objdir
configure:7129: result: .libs
configure:7421: checking if gcc supports -fno-rtti -fno-exceptions
configure:7439: gcc -c -g -O2  -fno-rtti -fno-exceptions conftest.c >&5
cc1: warning: command line option "-fno-rtti" is valid for C++/ObjC++ but not for C
configure:7443: $? = 0
configure:7456: result: no
configure:7476: checking for gcc option to produce PIC
configure:7748: result: -fPIC -DPIC
configure:7760: checking if gcc PIC flag -fPIC -DPIC works
configure:7778: gcc -c -g -O2  -fPIC -DPIC -DPIC conftest.c >&5
configure:7782: $? = 0
configure:7795: result: yes
configure:7819: checking if gcc static flag -static works
configure:7847: result: no
configure:7862: checking if gcc supports -c -o file.o
configure:7883: gcc -c -g -O2  -o out/conftest2.o conftest.c >&5
configure:7887: $? = 0
configure:7909: result: yes
configure:7917: checking if gcc supports -c -o file.o
configure:7964: result: yes
configure:7997: checking whether the gcc linker (/usr/bin/ld -m elf_x86_64) supports shared libraries
configure:9071: result: yes
configure:9108: checking whether -lc should be explicitly linked in
configure:9113: gcc -c -g -O2  conftest.c >&5
configure:9116: $? = 0
configure:9131: gcc -shared conftest.o  -v -Wl,-soname -Wl,conftest -o conftest 2\>\&1 \| /bin/grep  -lc  \>/dev/null 2\>\&1
configure:9134: $? = 0
configure:9146: result: no
configure:9310: checking dynamic linker characteristics
configure:9753: gcc -o conftest -g -O2   -Wl,-rpath -Wl,/foo conftest.c  >&5
configure:9760: $? = 0
configure:9996: result: GNU/Linux ld.so
configure:10098: checking how to hardcode library paths into programs
configure:10123: result: immediate
configure:10956: checking whether stripping libraries is possible
configure:10961: result: yes
configure:10996: checking if libtool supports shared libraries
configure:10998: result: yes
configure:11001: checking whether to build shared libraries
configure:11022: result: yes
configure:11025: checking whether to build static libraries
configure:11029: result: yes
configure:11088: checking fcntl.h usability
configure:11105: gcc -c -g -O2  conftest.c >&5
configure:11112: $? = 0
configure:11126: result: yes
configure:11130: checking fcntl.h presence
configure:11145: gcc -E  conftest.c
configure:11152: $? = 0
configure:11166: result: yes
configure:11199: checking for fcntl.h
configure:11208: result: yes
configure:11077: checking for stdint.h
configure:11084: result: yes
configure:11077: checking for stdlib.h
configure:11084: result: yes
configure:11077: checking for string.h
configure:11084: result: yes
configure:11077: checking for unistd.h
configure:11084: result: yes
configure:11225: checking for inline
configure:11251: gcc -c -g -O2  conftest.c >&5
configure:11258: $? = 0
configure:11276: result: inline
configure:11295: checking for size_t
configure:11323: gcc -c -g -O2  conftest.c >&5
configure:11330: $? = 0
configure:11357: gcc -c -g -O2  conftest.c >&5
conftest.c: In function 'main':
conftest.c:63: error: expected expression before ')' token
configure:11364: $? = 1
configure: failed program was:
| /* confdefs.h.  */
| #define PACKAGE_NAME "maple_leaf"
| #define PACKAGE_TARNAME "maple_leaf"
| #define PACKAGE_VERSION "2.0"
| #define PACKAGE_STRING "maple_leaf 2.0"
| #define PACKAGE_BUGREPORT "kyosold@qq.com"
| #define PACKAGE "maple_leaf"
| #define VERSION "2.0"
| #define STDC_HEADERS 1
| #define HAVE_SYS_TYPES_H 1
| #define HAVE_SYS_STAT_H 1
| #define HAVE_STDLIB_H 1
| #define HAVE_STRING_H 1
| #define HAVE_MEMORY_H 1
| #define HAVE_STRINGS_H 1
| #define HAVE_INTTYPES_H 1
| #define HAVE_STDINT_H 1
| #define HAVE_UNISTD_H 1
| #define HAVE_DLFCN_H 1
| #define LT_OBJDIR ".libs/"
| #define HAVE_FCNTL_H 1
| #define HAVE_STDINT_H 1
| #define HAVE_STDLIB_H 1
| #define HAVE_STRING_H 1
| #define HAVE_UNISTD_H 1
| /* end confdefs.h.  */
| #include <stdio.h>
| #ifdef HAVE_SYS_TYPES_H
| # include <sys/types.h>
| #endif
| #ifdef HAVE_SYS_STAT_H
| # include <sys/stat.h>
| #endif
| #ifdef STDC_HEADERS
| # include <stdlib.h>
| # include <stddef.h>
| #else
| # ifdef HAVE_STDLIB_H
| #  include <stdlib.h>
| # endif
| #endif
| #ifdef HAVE_STRING_H
| # if !defined STDC_HEADERS && defined HAVE_MEMORY_H
| #  include <memory.h>
| # endif
| # include <string.h>
| #endif
| #ifdef HAVE_STRINGS_H
| # include <strings.h>
| #endif
| #ifdef HAVE_INTTYPES_H
| # include <inttypes.h>
| #endif
| #ifdef HAVE_STDINT_H
| # include <stdint.h>
| #endif
| #ifdef HAVE_UNISTD_H
| # include <unistd.h>
| #endif
| int
| main ()
| {
| if (sizeof ((size_t)))
| 	  return 0;
|   ;
|   return 0;
| }
configure:11387: result: yes
configure:11400: checking for uint32_t
configure:11431: gcc -c -g -O2  conftest.c >&5
configure:11438: $? = 0
configure:11459: result: yes
configure:11477: checking for uint64_t
configure:11508: gcc -c -g -O2  conftest.c >&5
configure:11515: $? = 0
configure:11536: result: yes
configure:11560: checking for stdlib.h
configure:11567: result: yes
configure:11706: checking for GNU libc compatible malloc
configure:11740: gcc -o conftest -g -O2   conftest.c  >&5
configure:11744: $? = 0
configure:11750: ./conftest
configure:11754: $? = 0
configure:11771: result: yes
configure:11804: checking for memset
configure:11860: gcc -o conftest -g -O2   conftest.c  >&5
conftest.c:52: warning: conflicting types for built-in function 'memset'
configure:11867: $? = 0
configure:11889: result: yes
configure:11804: checking for strcasecmp
configure:11860: gcc -o conftest -g -O2   conftest.c  >&5
conftest.c:53: warning: conflicting types for built-in function 'strcasecmp'
configure:11867: $? = 0
configure:11889: result: yes
configure:12064: creating ./config.status

## ---------------------- ##
## Running config.status. ##
## ---------------------- ##

This file was extended by maple_leaf config.status 2.0, which was
generated by GNU Autoconf 2.63.  Invocation command line was

  CONFIG_FILES    = 
  CONFIG_HEADERS  = 
  CONFIG_LINKS    = 
  CONFIG_COMMANDS = 
  $ ./config.status 

on localhost.localdomain

config.status:913: creating Makefile
config.status:913: creating ml_string/Makefile
config.status:913: creating ml_hash/Makefile
config.status:913: creating ml_hashmap/Makefile
config.status:913: creating ml_dictionary/Makefile
config.status:913: creating ml_log/Makefile
config.status:913: creating ml_standard/Makefile
config.status:913: creating ml_mfile/Makefile
config.status:1124: executing depfiles commands
config.status:1124: executing libtool commands

## ---------------- ##
## Cache variables. ##
## ---------------- ##

ac_cv_build=x86_64-unknown-linux-gnu
ac_cv_c_compiler_gnu=yes
ac_cv_c_inline=inline
ac_cv_c_uint32_t=yes
ac_cv_c_uint64_t=yes
ac_cv_env_CC_set=
ac_cv_env_CC_value=
ac_cv_env_CFLAGS_set=
ac_cv_env_CFLAGS_value=
ac_cv_env_CPPFLAGS_set=
ac_cv_env_CPPFLAGS_value=
ac_cv_env_CPP_set=
ac_cv_env_CPP_value=
ac_cv_env_LDFLAGS_set=
ac_cv_env_LDFLAGS_value=
ac_cv_env_LIBS_set=
ac_cv_env_LIBS_value=
ac_cv_env_build_alias_set=
ac_cv_env_build_alias_value=
ac_cv_env_host_alias_set=
ac_cv_env_host_alias_value=
ac_cv_env_target_alias_set=
ac_cv_env_target_alias_value=
ac_cv_func_malloc_0_nonnull=yes
ac_cv_func_memset=yes
ac_cv_func_strcasecmp=yes
ac_cv_header_dlfcn_h=yes
ac_cv_header_fcntl_h=yes
ac_cv_header_inttypes_h=yes
ac_cv_header_memory_h=yes
ac_cv_header_stdc=yes
ac_cv_header_stdint_h=yes
ac_cv_header_stdlib_h=yes
ac_cv_header_string_h=yes
ac_cv_header_strings_h=yes
ac_cv_header_sys_stat_h=yes
ac_cv_header_sys_types_h=yes
ac_cv_header_unistd_h=yes
ac_cv_host=x86_64-unknown-linux-gnu
ac_cv_objext=o
ac_cv_path_EGREP='/bin/grep -E'
ac_cv_path_FGREP='/bin/grep -F'
ac_cv_path_GREP=/bin/grep
ac_cv_path_SED=/bin/sed
ac_cv_path_install='/usr/bin/install -c'
ac_cv_path_mkdir=/bin/mkdir
ac_cv_prog_AWK=gawk
ac_cv_prog_CPP='gcc -E'
ac_cv_prog_ac_ct_AR=ar
ac_cv_prog_ac_ct_CC=gcc
ac_cv_prog_ac_ct_OBJDUMP=objdump
ac_cv_prog_ac_ct_RANLIB=ranlib
ac_cv_prog_ac_ct_STRIP=strip
ac_cv_prog_cc_c89=
ac_cv_prog_cc_g=yes
ac_cv_prog_make_make_set=yes
ac_cv_type_size_t=yes
am_cv_CC_dependencies_compiler_type=gcc3
lt_cv_deplibs_check_method=pass_all
lt_cv_file_magic_cmd='$MAGIC_CMD'
lt_cv_file_magic_test_file=
lt_cv_ld_reload_flag=-r
lt_cv_nm_interface='BSD nm'
lt_cv_objdir=.libs
lt_cv_path_LD=/usr/bin/ld
lt_cv_path_NM='/usr/bin/nm -B'
lt_cv_prog_compiler_c_o=yes
lt_cv_prog_compiler_pic_works=yes
lt_cv_prog_compiler_rtti_exceptions=no
lt_cv_prog_compiler_static_works=no
lt_cv_prog_gnu_ld=yes
lt_cv_sys_global_symbol_pipe='sed -n -e '\''s/^.*[	 ]\([ABCDGIRSTW][ABCDGIRSTW]*\)[	 ][	 ]*\([_A-Za-z][_A-Za-z0-9]*\)$/\1 \2 \2/p'\'''
lt_cv_sys_global_symbol_to_c_name_address='sed -n -e '\''s/^: \([^ ]*\) $/  {\"\1\", (void *) 0},/p'\'' -e '\''s/^[ABCDGIRSTW]* \([^ ]*\) \([^ ]*\)$/  {"\2", (void *) \&\2},/p'\'''
lt_cv_sys_global_symbol_to_c_name_address_lib_prefix='sed -n -e '\''s/^: \([^ ]*\) $/  {\"\1\", (void *) 0},/p'\'' -e '\''s/^[ABCDGIRSTW]* \([^ ]*\) \(lib[^ ]*\)$/  {"\2", (void *) \&\2},/p'\'' -e '\''s/^[ABCDGIRSTW]* \([^ ]*\) \([^ ]*\)$/  {"lib\2", (void *) \&\2},/p'\'''
lt_cv_sys_global_symbol_to_cdecl='sed -n -e '\''s/^T .* \(.*\)$/extern int \1();/p'\'' -e '\''s/^[ABCDGIRSTW]* .* \(.*\)$/extern char \1;/p'\'''
lt_cv_sys_max_cmd_len=1966080

## ----------------- ##
## Output variables. ##
## ----------------- ##

ACLOCAL='${SHELL} /home/grayson/dev/git/maple_leaf/src/missing --run aclocal-1.11'
AMDEPBACKSLASH='\'
AMDEP_FALSE='#'
AMDEP_TRUE=''
AMTAR='${SHELL} /home/grayson/dev/git/maple_leaf/src/missing --run tar'
AR='ar'
AUTOCONF='${SHELL} /home/grayson/dev/git/maple_leaf/src/missing --run autoconf'
AUTOHEADER='${SHELL} /home/grayson/dev/git/maple_leaf/src/missing --run autoheader'
AUTOMAKE='${SHELL} /home/grayson/dev/git/maple_leaf/src/missing --run automake-1.11'
AWK='gawk'
CC='gcc'
CCDEPMODE='depmode=gcc3'
CFLAGS='-g -O2'
CPP='gcc -E'
CPPFLAGS=''
CYGPATH_W='echo'
DEFS='-DPACKAGE_NAME=\"maple_leaf\" -DPACKAGE_TARNAME=\"maple_leaf\" -DPACKAGE_VERSION=\"2.0\" -DPACKAGE_STRING=\"maple_leaf\ 2.0\" -DPACKAGE_BUGREPORT=\"kyosold@qq.com\" -DPACKAGE=\"maple_leaf\" -DVERSION=\"2.0\" -DSTDC_HEADERS=1 -DHAVE_SYS_TYPES_H=1 -DHAVE_SYS_STAT_H=1 -DHAVE_STDLIB_H=1 -DHAVE_STRING_H=1 -DHAVE_MEMORY_H=1 -DHAVE_STRINGS_H=1 -DHAVE_INTTYPES_H=1 -DHAVE_STDINT_H=1 -DHAVE_UNISTD_H=1 -DHAVE_DLFCN_H=1 -DLT_OBJDIR=\".libs/\" -DHAVE_FCNTL_H=1 -DHAVE_STDINT_H=1 -DHAVE_STDLIB_H=1 -DHAVE_STRING_H=1 -DHAVE_UNISTD_H=1 -DHAVE_STDLIB_H=1 -DHAVE_MALLOC=1 -DHAVE_MEMSET=1 -DHAVE_STRCASECMP=1'
DEPDIR='.deps'
DSYMUTIL=''
DUMPBIN=''
ECHO_C=''
ECHO_N='-n'
ECHO_T=''
EGREP='/bin/grep -E'
EXEEXT=''
FGREP='/bin/grep -F'
GREP='/bin/grep'
INSTALL_DATA='${INSTALL} -m 644'
INSTALL_PROGRAM='${INSTALL}'
INSTALL_SCRIPT='${INSTALL}'
INSTALL_STRIP_PROGRAM='$(install_sh) -c -s'
LD='/usr/bin/ld -m elf_x86_64'
LDFLAGS=''
LIBOBJS=''
LIBS=''
LIBTOOL='$(SHELL) $(top_builddir)/libtool'
LIPO=''
LN_S='ln -s'
LTLIBOBJS=''
MAKEINFO='${SHELL} /home/grayson/dev/git/maple_leaf/src/missing --run makeinfo'
MKDIR_P='/bin/mkdir -p'
NM='/usr/bin/nm -B'
NMEDIT=''
OBJDUMP='objdump'
OBJEXT='o'
OTOOL64=''
OTOOL=''
PACKAGE='maple_leaf'
PACKAGENAME='maple_leaf'
PACKAGE_BUGREPORT='kyosold@qq.com'
PACKAGE_NAME='maple_leaf'
PACKAGE_STRING='maple_leaf 2.0'
PACKAGE_TARNAME='maple_leaf'
PACKAGE_VERSION='2.0'
PATH_SEPARATOR=':'
RANLIB='ranlib'
SED='/bin/sed'
SET_MAKE=''
SHELL='/bin/sh'
STRIP='strip'
VERSION='2.0'
ac_ct_CC='gcc'
ac_ct_DUMPBIN=''
am__EXEEXT_FALSE=''
am__EXEEXT_TRUE='#'
am__fastdepCC_FALSE='#'
am__fastdepCC_TRUE=''
am__include='include'
am__isrc=''
am__leading_dot='.'
am__quote=''
am__tar='${AMTAR} chof - "$$tardir"'
am__untar='${AMTAR} xf -'
bindir='${exec_prefix}/bin'
build='x86_64-unknown-linux-gnu'
build_alias=''
build_cpu='x86_64'
build_os='linux-gnu'
build_vendor='unknown'
datadir='${datarootdir}'
datarootdir='${prefix}/share'
docdir='${datarootdir}/doc/${PACKAGE_TARNAME}'
dvidir='${docdir}'
exec_prefix='${prefix}'
host='x86_64-unknown-linux-gnu'
host_alias=''
host_cpu='x86_64'
host_os='linux-gnu'
host_vendor='unknown'
htmldir='${docdir}'
includedir='${prefix}/include'
infodir='${datarootdir}/info'
install_sh='${SHELL} /home/grayson/dev/git/maple_leaf/src/install-sh'
libdir='${exec_prefix}/lib'
libexecdir='${exec_prefix}/libexec'
localedir='${datarootdir}/locale'
localstatedir='${prefix}/var'
lt_ECHO='echo'
mandir='${datarootdir}/man'
mkdir_p='/bin/mkdir -p'
oldincludedir='/usr/include'
pdfdir='${docdir}'
prefix='/usr/local'
program_transform_name='s,x,x,'
psdir='${docdir}'
sbindir='${exec_prefix}/sbin'
sharedstatedir='${prefix}/com'
sysconfdir='${prefix}/etc'
target_alias=''

## ----------- ##
## confdefs.h. ##
## ----------- ##

#define PACKAGE_NAME "maple_leaf"
#define PACKAGE_TARNAME "maple_leaf"
#define PACKAGE_VERSION "2.0"
#define PACKAGE_STRING "maple_leaf 2.0"
#define PACKAGE_BUGREPORT "kyosold@qq.com"
#define PACKAGE "maple_leaf"
#define VERSION "2.0"
#define STDC_HEADERS 1
#define HAVE_SYS_TYPES_H 1
#define HAVE_SYS_STAT_H 1
#define HAVE_STDLIB_H 1
#define HAVE_STRING_H 1
#define HAVE_MEMORY_H 1
#define HAVE_STRINGS_H 1
#define HAVE_INTTYPES_H 1
#define HAVE_STDINT_H 1
#define HAVE_UNISTD_H 1
#define HAVE_DLFCN_H 1
#define LT_OBJDIR ".libs/"
#define HAVE_FCNTL_H 1
#define HAVE_STDINT_H 1
#define HAVE_STDLIB_H 1
#define HAVE_STRING_H 1
#define HAVE_UNISTD_H 1
#define HAVE_STDLIB_H 1
#define HAVE_MALLOC 1
#define HAVE_MEMSET 1
#define HAVE_STRCASECMP 1

configure: exit 0
